  MyGame.cpp
D:\Documents\Desktop\proejct\Zombies\Explorer3D\game\MyGame.cpp(13,12): warning C4244: 'argument': conversion from 'time_t' to 'unsigned int', possible loss of data
D:\Documents\Desktop\proejct\Zombies\Explorer3D\game\MyGame.cpp(158,63): warning C4244: 'argument': conversion from 'double' to 'float', possible loss of data
D:\Documents\Desktop\proejct\Zombies\Explorer3D\game\MyGame.cpp(158,42): warning C4244: 'argument': conversion from 'double' to 'float', possible loss of data
D:\Documents\Desktop\proejct\Zombies\Explorer3D\game\MyGame.cpp(158,21): warning C4244: 'argument': conversion from 'double' to 'float', possible loss of data
D:\Documents\Desktop\proejct\Zombies\Explorer3D\game\MyGame.cpp(192,15): warning C4244: 'argument': conversion from 'float' to 'Uint32', possible loss of data
D:\Documents\Desktop\proejct\Zombies\Explorer3D\game\MyGame.cpp(205,11): warning C4244: 'initializing': conversion from 'double' to 'float', possible loss of data
D:\Documents\Desktop\proejct\Zombies\Explorer3D\game\MyGame.cpp(206,11): warning C4244: 'initializing': conversion from 'double' to 'float', possible loss of data
D:\Documents\Desktop\proejct\Zombies\Explorer3D\game\MyGame.cpp(207,11): warning C4244: 'initializing': conversion from 'double' to 'float', possible loss of data
D:\Documents\Desktop\proejct\Zombies\Explorer3D\game\MyGame.cpp(249,15): warning C4244: 'argument': conversion from 'float' to 'Uint32', possible loss of data
D:\Documents\Desktop\proejct\Zombies\Explorer3D\game\MyGame.cpp(262,11): warning C4244: 'initializing': conversion from 'double' to 'float', possible loss of data
D:\Documents\Desktop\proejct\Zombies\Explorer3D\game\MyGame.cpp(263,11): warning C4244: 'initializing': conversion from 'double' to 'float', possible loss of data
D:\Documents\Desktop\proejct\Zombies\Explorer3D\game\MyGame.cpp(264,11): warning C4244: 'initializing': conversion from 'double' to 'float', possible loss of data
D:\Documents\Desktop\proejct\Zombies\Explorer3D\game\MyGame.cpp(306,15): warning C4244: 'argument': conversion from 'float' to 'Uint32', possible loss of data
D:\Documents\Desktop\proejct\Zombies\Explorer3D\game\MyGame.cpp(319,11): warning C4244: 'initializing': conversion from 'double' to 'float', possible loss of data
D:\Documents\Desktop\proejct\Zombies\Explorer3D\game\MyGame.cpp(320,11): warning C4244: 'initializing': conversion from 'double' to 'float', possible loss of data
D:\Documents\Desktop\proejct\Zombies\Explorer3D\game\MyGame.cpp(321,11): warning C4244: 'initializing': conversion from 'double' to 'float', possible loss of data
D:\Documents\Desktop\proejct\Zombies\Explorer3D\game\MyGame.cpp(363,15): warning C4244: 'argument': conversion from 'float' to 'Uint32', possible loss of data
D:\Documents\Desktop\proejct\Zombies\Explorer3D\game\MyGame.cpp(376,11): warning C4244: 'initializing': conversion from 'double' to 'float', possible loss of data
D:\Documents\Desktop\proejct\Zombies\Explorer3D\game\MyGame.cpp(377,11): warning C4244: 'initializing': conversion from 'double' to 'float', possible loss of data
D:\Documents\Desktop\proejct\Zombies\Explorer3D\game\MyGame.cpp(378,11): warning C4244: 'initializing': conversion from 'double' to 'float', possible loss of data
D:\Documents\Desktop\proejct\Zombies\Explorer3D\game\MyGame.cpp(468,18): warning C4244: 'argument': conversion from 'long' to 'float', possible loss of data
D:\Documents\Desktop\proejct\Zombies\Explorer3D\game\MyGame.cpp(469,19): warning C4244: 'argument': conversion from 'long' to 'float', possible loss of data
D:\Documents\Desktop\proejct\Zombies\Explorer3D\game\MyGame.cpp(486,15): warning C4244: 'initializing': conversion from 'double' to 'float', possible loss of data
D:\Documents\Desktop\proejct\Zombies\Explorer3D\game\MyGame.cpp(487,15): warning C4244: 'initializing': conversion from 'double' to 'float', possible loss of data
D:\Documents\Desktop\proejct\Zombies\Explorer3D\game\MyGame.cpp(488,15): warning C4244: 'initializing': conversion from 'double' to 'float', possible loss of data
D:\Documents\Desktop\proejct\Zombies\Explorer3D\game\MyGame.cpp(543,57): warning C4244: 'argument': conversion from 'double' to 'float', possible loss of data
D:\Documents\Desktop\proejct\Zombies\Explorer3D\game\MyGame.cpp(561,55): warning C4244: 'argument': conversion from 'float' to 'int', possible loss of data
D:\Documents\Desktop\proejct\Zombies\Explorer3D\game\MyGame.cpp(751,69): warning C4244: 'argument': conversion from 'int' to 'float', possible loss of data
D:\Documents\Desktop\proejct\Zombies\Explorer3D\game\MyGame.cpp(751,47): warning C4244: 'argument': conversion from 'int' to 'float', possible loss of data
D:\Documents\Desktop\proejct\Zombies\Explorer3D\game\MyGame.cpp(802,36): warning C4244: 'argument': conversion from 'int' to 'float', possible loss of data
D:\Documents\Desktop\proejct\Zombies\Explorer3D\game\MyGame.cpp(802,29): warning C4244: 'argument': conversion from 'int' to 'float', possible loss of data
  game.vcxproj -> D:\Documents\Desktop\proejct\Zombies\Explorer3D\Debug\GTECgame.exe
